<?xml version="1.0" encoding="UTF-8"?>
<testsuite xmlns:xsi="http://www.w3.org/2001/XMLSchema-instance" xsi:noNamespaceSchemaLocation="https://maven.apache.org/surefire/maven-surefire-plugin/xsd/surefire-test-report.xsd" name="com.chrisen.consumer.ApplicationTests" time="1.627" tests="1" errors="0" skipped="0" failures="0">
  <properties>
    <property name="java.specification.version" value="19"/>
    <property name="sun.jnu.encoding" value="UTF-8"/>
    <property name="java.class.path" value="/Users/chrisen/Documents/Development/Repositories/asb-consumer-demo/target/test-classes:/Users/chrisen/Documents/Development/Repositories/asb-consumer-demo/target/classes:/Users/chrisen/.m2/repository/org/springframework/cloud/spring-cloud-stream/3.2.7/spring-cloud-stream-3.2.7.jar:/Users/chrisen/.m2/repository/org/springframework/boot/spring-boot-starter-validation/2.7.9/spring-boot-starter-validation-2.7.9.jar:/Users/chrisen/.m2/repository/org/apache/tomcat/embed/tomcat-embed-el/9.0.71/tomcat-embed-el-9.0.71.jar:/Users/chrisen/.m2/repository/org/hibernate/validator/hibernate-validator/6.2.5.Final/hibernate-validator-6.2.5.Final.jar:/Users/chrisen/.m2/repository/org/jboss/logging/jboss-logging/3.4.3.Final/jboss-logging-3.4.3.Final.jar:/Users/chrisen/.m2/repository/com/fasterxml/classmate/1.5.1/classmate-1.5.1.jar:/Users/chrisen/.m2/repository/org/springframework/spring-messaging/5.3.25/spring-messaging-5.3.25.jar:/Users/chrisen/.m2/repository/org/springframework/spring-beans/5.3.25/spring-beans-5.3.25.jar:/Users/chrisen/.m2/repository/org/springframework/integration/spring-integration-core/5.5.16/spring-integration-core-5.5.16.jar:/Users/chrisen/.m2/repository/org/springframework/spring-aop/5.3.25/spring-aop-5.3.25.jar:/Users/chrisen/.m2/repository/org/springframework/spring-context/5.3.25/spring-context-5.3.25.jar:/Users/chrisen/.m2/repository/org/springframework/spring-expression/5.3.25/spring-expression-5.3.25.jar:/Users/chrisen/.m2/repository/org/springframework/spring-tx/5.3.25/spring-tx-5.3.25.jar:/Users/chrisen/.m2/repository/io/projectreactor/reactor-core/3.4.27/reactor-core-3.4.27.jar:/Users/chrisen/.m2/repository/org/reactivestreams/reactive-streams/1.0.4/reactive-streams-1.0.4.jar:/Users/chrisen/.m2/repository/org/springframework/integration/spring-integration-jmx/5.5.16/spring-integration-jmx-5.5.16.jar:/Users/chrisen/.m2/repository/org/springframework/retry/spring-retry/1.3.4/spring-retry-1.3.4.jar:/Users/chrisen/.m2/repository/org/springframework/cloud/spring-cloud-function-context/3.2.9/spring-cloud-function-context-3.2.9.jar:/Users/chrisen/.m2/repository/net/jodah/typetools/0.6.2/typetools-0.6.2.jar:/Users/chrisen/.m2/repository/org/springframework/boot/spring-boot-autoconfigure/2.7.9/spring-boot-autoconfigure-2.7.9.jar:/Users/chrisen/.m2/repository/org/springframework/cloud/spring-cloud-function-core/3.2.9/spring-cloud-function-core-3.2.9.jar:/Users/chrisen/.m2/repository/com/fasterxml/jackson/core/jackson-databind/2.13.5/jackson-databind-2.13.5.jar:/Users/chrisen/.m2/repository/com/fasterxml/jackson/core/jackson-annotations/2.13.5/jackson-annotations-2.13.5.jar:/Users/chrisen/.m2/repository/com/fasterxml/jackson/core/jackson-core/2.13.5/jackson-core-2.13.5.jar:/Users/chrisen/.m2/repository/javax/annotation/javax.annotation-api/1.3.2/javax.annotation-api-1.3.2.jar:/Users/chrisen/.m2/repository/org/jetbrains/kotlin/kotlin-stdlib-jdk8/1.6.21/kotlin-stdlib-jdk8-1.6.21.jar:/Users/chrisen/.m2/repository/org/jetbrains/kotlin/kotlin-stdlib/1.6.21/kotlin-stdlib-1.6.21.jar:/Users/chrisen/.m2/repository/org/jetbrains/kotlin/kotlin-stdlib-common/1.6.21/kotlin-stdlib-common-1.6.21.jar:/Users/chrisen/.m2/repository/org/jetbrains/annotations/13.0/annotations-13.0.jar:/Users/chrisen/.m2/repository/org/jetbrains/kotlin/kotlin-stdlib-jdk7/1.6.21/kotlin-stdlib-jdk7-1.6.21.jar:/Users/chrisen/.m2/repository/com/azure/spring/spring-cloud-azure-stream-binder-servicebus/4.5.0/spring-cloud-azure-stream-binder-servicebus-4.5.0.jar:/Users/chrisen/.m2/repository/com/azure/spring/spring-cloud-azure-stream-binder-servicebus-core/4.5.0/spring-cloud-azure-stream-binder-servicebus-core-4.5.0.jar:/Users/chrisen/.m2/repository/com/azure/spring/spring-integration-azure-servicebus/4.5.0/spring-integration-azure-servicebus-4.5.0.jar:/Users/chrisen/.m2/repository/com/azure/spring/spring-integration-azure-core/4.5.0/spring-integration-azure-core-4.5.0.jar:/Users/chrisen/.m2/repository/com/azure/spring/spring-messaging-azure/4.5.0/spring-messaging-azure-4.5.0.jar:/Users/chrisen/.m2/repository/com/azure/spring/spring-messaging-azure-servicebus/4.5.0/spring-messaging-azure-servicebus-4.5.0.jar:/Users/chrisen/.m2/repository/com/azure/azure-messaging-servicebus/7.13.0/azure-messaging-servicebus-7.13.0.jar:/Users/chrisen/.m2/repository/com/azure/azure-core/1.34.0/azure-core-1.34.0.jar:/Users/chrisen/.m2/repository/com/fasterxml/jackson/datatype/jackson-datatype-jsr310/2.13.5/jackson-datatype-jsr310-2.13.5.jar:/Users/chrisen/.m2/repository/com/azure/azure-core-amqp/2.8.0/azure-core-amqp-2.8.0.jar:/Users/chrisen/.m2/repository/com/microsoft/azure/qpid-proton-j-extensions/1.2.4/qpid-proton-j-extensions-1.2.4.jar:/Users/chrisen/.m2/repository/org/apache/qpid/proton-j/0.33.8/proton-j-0.33.8.jar:/Users/chrisen/.m2/repository/com/azure/azure-core-http-netty/1.12.7/azure-core-http-netty-1.12.7.jar:/Users/chrisen/.m2/repository/io/netty/netty-handler/4.1.89.Final/netty-handler-4.1.89.Final.jar:/Users/chrisen/.m2/repository/io/netty/netty-common/4.1.89.Final/netty-common-4.1.89.Final.jar:/Users/chrisen/.m2/repository/io/netty/netty-resolver/4.1.89.Final/netty-resolver-4.1.89.Final.jar:/Users/chrisen/.m2/repository/io/netty/netty-transport/4.1.89.Final/netty-transport-4.1.89.Final.jar:/Users/chrisen/.m2/repository/io/netty/netty-codec/4.1.89.Final/netty-codec-4.1.89.Final.jar:/Users/chrisen/.m2/repository/io/netty/netty-handler-proxy/4.1.89.Final/netty-handler-proxy-4.1.89.Final.jar:/Users/chrisen/.m2/repository/io/netty/netty-codec-socks/4.1.89.Final/netty-codec-socks-4.1.89.Final.jar:/Users/chrisen/.m2/repository/io/netty/netty-buffer/4.1.89.Final/netty-buffer-4.1.89.Final.jar:/Users/chrisen/.m2/repository/io/netty/netty-codec-http/4.1.89.Final/netty-codec-http-4.1.89.Final.jar:/Users/chrisen/.m2/repository/io/netty/netty-codec-http2/4.1.89.Final/netty-codec-http2-4.1.89.Final.jar:/Users/chrisen/.m2/repository/io/netty/netty-transport-native-unix-common/4.1.89.Final/netty-transport-native-unix-common-4.1.89.Final.jar:/Users/chrisen/.m2/repository/io/netty/netty-transport-native-epoll/4.1.89.Final/netty-transport-native-epoll-4.1.89.Final-linux-x86_64.jar:/Users/chrisen/.m2/repository/io/netty/netty-transport-classes-epoll/4.1.89.Final/netty-transport-classes-epoll-4.1.89.Final.jar:/Users/chrisen/.m2/repository/io/netty/netty-transport-native-kqueue/4.1.89.Final/netty-transport-native-kqueue-4.1.89.Final-osx-x86_64.jar:/Users/chrisen/.m2/repository/io/netty/netty-transport-classes-kqueue/4.1.89.Final/netty-transport-classes-kqueue-4.1.89.Final.jar:/Users/chrisen/.m2/repository/io/netty/netty-tcnative-boringssl-static/2.0.56.Final/netty-tcnative-boringssl-static-2.0.56.Final.jar:/Users/chrisen/.m2/repository/io/netty/netty-tcnative-classes/2.0.56.Final/netty-tcnative-classes-2.0.56.Final.jar:/Users/chrisen/.m2/repository/io/netty/netty-tcnative-boringssl-static/2.0.56.Final/netty-tcnative-boringssl-static-2.0.56.Final-linux-x86_64.jar:/Users/chrisen/.m2/repository/io/netty/netty-tcnative-boringssl-static/2.0.56.Final/netty-tcnative-boringssl-static-2.0.56.Final-linux-aarch_64.jar:/Users/chrisen/.m2/repository/io/netty/netty-tcnative-boringssl-static/2.0.56.Final/netty-tcnative-boringssl-static-2.0.56.Final-osx-x86_64.jar:/Users/chrisen/.m2/repository/io/netty/netty-tcnative-boringssl-static/2.0.56.Final/netty-tcnative-boringssl-static-2.0.56.Final-osx-aarch_64.jar:/Users/chrisen/.m2/repository/io/netty/netty-tcnative-boringssl-static/2.0.56.Final/netty-tcnative-boringssl-static-2.0.56.Final-windows-x86_64.jar:/Users/chrisen/.m2/repository/io/projectreactor/netty/reactor-netty-http/1.0.28/reactor-netty-http-1.0.28.jar:/Users/chrisen/.m2/repository/io/netty/netty-resolver-dns/4.1.89.Final/netty-resolver-dns-4.1.89.Final.jar:/Users/chrisen/.m2/repository/io/netty/netty-codec-dns/4.1.89.Final/netty-codec-dns-4.1.89.Final.jar:/Users/chrisen/.m2/repository/io/netty/netty-resolver-dns-native-macos/4.1.89.Final/netty-resolver-dns-native-macos-4.1.89.Final-osx-x86_64.jar:/Users/chrisen/.m2/repository/io/netty/netty-resolver-dns-classes-macos/4.1.89.Final/netty-resolver-dns-classes-macos-4.1.89.Final.jar:/Users/chrisen/.m2/repository/io/projectreactor/netty/reactor-netty-core/1.0.28/reactor-netty-core-1.0.28.jar:/Users/chrisen/.m2/repository/com/fasterxml/jackson/dataformat/jackson-dataformat-xml/2.13.5/jackson-dataformat-xml-2.13.5.jar:/Users/chrisen/.m2/repository/org/codehaus/woodstox/stax2-api/4.2.1/stax2-api-4.2.1.jar:/Users/chrisen/.m2/repository/com/fasterxml/woodstox/woodstox-core/6.4.0/woodstox-core-6.4.0.jar:/Users/chrisen/.m2/repository/com/azure/spring/spring-cloud-azure-autoconfigure/4.5.0/spring-cloud-azure-autoconfigure-4.5.0.jar:/Users/chrisen/.m2/repository/com/azure/spring/spring-cloud-azure-service/4.5.0/spring-cloud-azure-service-4.5.0.jar:/Users/chrisen/.m2/repository/jakarta/validation/jakarta.validation-api/2.0.2/jakarta.validation-api-2.0.2.jar:/Users/chrisen/.m2/repository/com/azure/spring/spring-cloud-azure-resourcemanager/4.5.0/spring-cloud-azure-resourcemanager-4.5.0.jar:/Users/chrisen/.m2/repository/com/azure/spring/spring-cloud-azure-core/4.5.0/spring-cloud-azure-core-4.5.0.jar:/Users/chrisen/.m2/repository/com/azure/azure-identity/1.7.1/azure-identity-1.7.1.jar:/Users/chrisen/.m2/repository/com/microsoft/azure/msal4j/1.13.3/msal4j-1.13.3.jar:/Users/chrisen/.m2/repository/com/nimbusds/oauth2-oidc-sdk/9.35/oauth2-oidc-sdk-9.35.jar:/Users/chrisen/.m2/repository/com/github/stephenc/jcip/jcip-annotations/1.0-1/jcip-annotations-1.0-1.jar:/Users/chrisen/.m2/repository/com/nimbusds/content-type/2.2/content-type-2.2.jar:/Users/chrisen/.m2/repository/com/nimbusds/lang-tag/1.6/lang-tag-1.6.jar:/Users/chrisen/.m2/repository/com/nimbusds/nimbus-jose-jwt/9.22/nimbus-jose-jwt-9.22.jar:/Users/chrisen/.m2/repository/com/microsoft/azure/msal4j-persistence-extension/1.1.0/msal4j-persistence-extension-1.1.0.jar:/Users/chrisen/.m2/repository/net/java/dev/jna/jna/5.5.0/jna-5.5.0.jar:/Users/chrisen/.m2/repository/net/java/dev/jna/jna-platform/5.6.0/jna-platform-5.6.0.jar:/Users/chrisen/.m2/repository/com/azure/azure-core-management/1.9.0/azure-core-management-1.9.0.jar:/Users/chrisen/.m2/repository/com/azure/resourcemanager/azure-resourcemanager/2.21.0/azure-resourcemanager-2.21.0.jar:/Users/chrisen/.m2/repository/com/azure/resourcemanager/azure-resourcemanager-resources/2.21.0/azure-resourcemanager-resources-2.21.0.jar:/Users/chrisen/.m2/repository/com/azure/resourcemanager/azure-resourcemanager-storage/2.21.0/azure-resourcemanager-storage-2.21.0.jar:/Users/chrisen/.m2/repository/com/azure/resourcemanager/azure-resourcemanager-compute/2.21.0/azure-resourcemanager-compute-2.21.0.jar:/Users/chrisen/.m2/repository/com/azure/resourcemanager/azure-resourcemanager-network/2.21.0/azure-resourcemanager-network-2.21.0.jar:/Users/chrisen/.m2/repository/com/azure/resourcemanager/azure-resourcemanager-keyvault/2.21.0/azure-resourcemanager-keyvault-2.21.0.jar:/Users/chrisen/.m2/repository/com/azure/azure-security-keyvault-keys/4.5.2/azure-security-keyvault-keys-4.5.2.jar:/Users/chrisen/.m2/repository/com/azure/azure-security-keyvault-secrets/4.5.2/azure-security-keyvault-secrets-4.5.2.jar:/Users/chrisen/.m2/repository/com/azure/resourcemanager/azure-resourcemanager-msi/2.21.0/azure-resourcemanager-msi-2.21.0.jar:/Users/chrisen/.m2/repository/com/azure/resourcemanager/azure-resourcemanager-sql/2.21.0/azure-resourcemanager-sql-2.21.0.jar:/Users/chrisen/.m2/repository/com/azure/resourcemanager/azure-resourcemanager-authorization/2.21.0/azure-resourcemanager-authorization-2.21.0.jar:/Users/chrisen/.m2/repository/com/azure/resourcemanager/azure-resourcemanager-appservice/2.21.0/azure-resourcemanager-appservice-2.21.0.jar:/Users/chrisen/.m2/repository/com/azure/resourcemanager/azure-resourcemanager-cosmos/2.21.0/azure-resourcemanager-cosmos-2.21.0.jar:/Users/chrisen/.m2/repository/com/azure/resourcemanager/azure-resourcemanager-containerservice/2.21.0/azure-resourcemanager-containerservice-2.21.0.jar:/Users/chrisen/.m2/repository/com/azure/resourcemanager/azure-resourcemanager-monitor/2.21.0/azure-resourcemanager-monitor-2.21.0.jar:/Users/chrisen/.m2/repository/com/azure/resourcemanager/azure-resourcemanager-containerregistry/2.21.0/azure-resourcemanager-containerregistry-2.21.0.jar:/Users/chrisen/.m2/repository/com/azure/resourcemanager/azure-resourcemanager-dns/2.21.0/azure-resourcemanager-dns-2.21.0.jar:/Users/chrisen/.m2/repository/com/azure/resourcemanager/azure-resourcemanager-appplatform/2.21.0/azure-resourcemanager-appplatform-2.21.0.jar:/Users/chrisen/.m2/repository/com/azure/azure-storage-file-share/12.16.1/azure-storage-file-share-12.16.1.jar:/Users/chrisen/.m2/repository/com/azure/azure-storage-common/12.19.1/azure-storage-common-12.19.1.jar:/Users/chrisen/.m2/repository/com/azure/resourcemanager/azure-resourcemanager-containerinstance/2.21.0/azure-resourcemanager-containerinstance-2.21.0.jar:/Users/chrisen/.m2/repository/com/azure/resourcemanager/azure-resourcemanager-privatedns/2.21.0/azure-resourcemanager-privatedns-2.21.0.jar:/Users/chrisen/.m2/repository/com/azure/resourcemanager/azure-resourcemanager-redis/2.21.0/azure-resourcemanager-redis-2.21.0.jar:/Users/chrisen/.m2/repository/com/azure/resourcemanager/azure-resourcemanager-eventhubs/2.21.0/azure-resourcemanager-eventhubs-2.21.0.jar:/Users/chrisen/.m2/repository/com/azure/resourcemanager/azure-resourcemanager-trafficmanager/2.21.0/azure-resourcemanager-trafficmanager-2.21.0.jar:/Users/chrisen/.m2/repository/com/azure/resourcemanager/azure-resourcemanager-servicebus/2.21.0/azure-resourcemanager-servicebus-2.21.0.jar:/Users/chrisen/.m2/repository/com/azure/resourcemanager/azure-resourcemanager-cdn/2.21.0/azure-resourcemanager-cdn-2.21.0.jar:/Users/chrisen/.m2/repository/com/azure/resourcemanager/azure-resourcemanager-search/2.21.0/azure-resourcemanager-search-2.21.0.jar:/Users/chrisen/.m2/repository/org/projectlombok/lombok/1.18.26/lombok-1.18.26.jar:/Users/chrisen/.m2/repository/org/springframework/boot/spring-boot-starter-test/2.7.9/spring-boot-starter-test-2.7.9.jar:/Users/chrisen/.m2/repository/org/springframework/boot/spring-boot-starter/2.7.9/spring-boot-starter-2.7.9.jar:/Users/chrisen/.m2/repository/org/springframework/boot/spring-boot/2.7.9/spring-boot-2.7.9.jar:/Users/chrisen/.m2/repository/org/springframework/boot/spring-boot-starter-logging/2.7.9/spring-boot-starter-logging-2.7.9.jar:/Users/chrisen/.m2/repository/ch/qos/logback/logback-classic/1.2.11/logback-classic-1.2.11.jar:/Users/chrisen/.m2/repository/ch/qos/logback/logback-core/1.2.11/logback-core-1.2.11.jar:/Users/chrisen/.m2/repository/org/apache/logging/log4j/log4j-to-slf4j/2.17.2/log4j-to-slf4j-2.17.2.jar:/Users/chrisen/.m2/repository/org/apache/logging/log4j/log4j-api/2.17.2/log4j-api-2.17.2.jar:/Users/chrisen/.m2/repository/org/slf4j/jul-to-slf4j/1.7.36/jul-to-slf4j-1.7.36.jar:/Users/chrisen/.m2/repository/jakarta/annotation/jakarta.annotation-api/1.3.5/jakarta.annotation-api-1.3.5.jar:/Users/chrisen/.m2/repository/org/yaml/snakeyaml/1.30/snakeyaml-1.30.jar:/Users/chrisen/.m2/repository/org/springframework/boot/spring-boot-test/2.7.9/spring-boot-test-2.7.9.jar:/Users/chrisen/.m2/repository/org/springframework/boot/spring-boot-test-autoconfigure/2.7.9/spring-boot-test-autoconfigure-2.7.9.jar:/Users/chrisen/.m2/repository/com/jayway/jsonpath/json-path/2.7.0/json-path-2.7.0.jar:/Users/chrisen/.m2/repository/net/minidev/json-smart/2.4.8/json-smart-2.4.8.jar:/Users/chrisen/.m2/repository/net/minidev/accessors-smart/2.4.8/accessors-smart-2.4.8.jar:/Users/chrisen/.m2/repository/org/ow2/asm/asm/9.1/asm-9.1.jar:/Users/chrisen/.m2/repository/org/slf4j/slf4j-api/1.7.36/slf4j-api-1.7.36.jar:/Users/chrisen/.m2/repository/jakarta/xml/bind/jakarta.xml.bind-api/2.3.3/jakarta.xml.bind-api-2.3.3.jar:/Users/chrisen/.m2/repository/jakarta/activation/jakarta.activation-api/1.2.2/jakarta.activation-api-1.2.2.jar:/Users/chrisen/.m2/repository/org/assertj/assertj-core/3.22.0/assertj-core-3.22.0.jar:/Users/chrisen/.m2/repository/org/hamcrest/hamcrest/2.2/hamcrest-2.2.jar:/Users/chrisen/.m2/repository/org/junit/jupiter/junit-jupiter/5.8.2/junit-jupiter-5.8.2.jar:/Users/chrisen/.m2/repository/org/junit/jupiter/junit-jupiter-api/5.8.2/junit-jupiter-api-5.8.2.jar:/Users/chrisen/.m2/repository/org/opentest4j/opentest4j/1.2.0/opentest4j-1.2.0.jar:/Users/chrisen/.m2/repository/org/junit/platform/junit-platform-commons/1.8.2/junit-platform-commons-1.8.2.jar:/Users/chrisen/.m2/repository/org/apiguardian/apiguardian-api/1.1.2/apiguardian-api-1.1.2.jar:/Users/chrisen/.m2/repository/org/junit/jupiter/junit-jupiter-params/5.8.2/junit-jupiter-params-5.8.2.jar:/Users/chrisen/.m2/repository/org/junit/jupiter/junit-jupiter-engine/5.8.2/junit-jupiter-engine-5.8.2.jar:/Users/chrisen/.m2/repository/org/junit/platform/junit-platform-engine/1.8.2/junit-platform-engine-1.8.2.jar:/Users/chrisen/.m2/repository/org/mockito/mockito-core/4.5.1/mockito-core-4.5.1.jar:/Users/chrisen/.m2/repository/net/bytebuddy/byte-buddy/1.12.23/byte-buddy-1.12.23.jar:/Users/chrisen/.m2/repository/net/bytebuddy/byte-buddy-agent/1.12.23/byte-buddy-agent-1.12.23.jar:/Users/chrisen/.m2/repository/org/objenesis/objenesis/3.2/objenesis-3.2.jar:/Users/chrisen/.m2/repository/org/mockito/mockito-junit-jupiter/4.5.1/mockito-junit-jupiter-4.5.1.jar:/Users/chrisen/.m2/repository/org/skyscreamer/jsonassert/1.5.1/jsonassert-1.5.1.jar:/Users/chrisen/.m2/repository/com/vaadin/external/google/android-json/0.0.20131108.vaadin1/android-json-0.0.20131108.vaadin1.jar:/Users/chrisen/.m2/repository/org/springframework/spring-core/5.3.25/spring-core-5.3.25.jar:/Users/chrisen/.m2/repository/org/springframework/spring-jcl/5.3.25/spring-jcl-5.3.25.jar:/Users/chrisen/.m2/repository/org/springframework/spring-test/5.3.25/spring-test-5.3.25.jar:/Users/chrisen/.m2/repository/org/xmlunit/xmlunit-core/2.9.1/xmlunit-core-2.9.1.jar:/Users/chrisen/.m2/repository/org/springframework/cloud/spring-cloud-stream/3.2.7/spring-cloud-stream-3.2.7-test-binder.jar:"/>
    <property name="java.vm.vendor" value="Homebrew"/>
    <property name="sun.arch.data.model" value="64"/>
    <property name="java.vendor.url" value="https://github.com/Homebrew/homebrew-core/issues"/>
    <property name="os.name" value="Mac OS X"/>
    <property name="java.vm.specification.version" value="19"/>
    <property name="sun.java.launcher" value="SUN_STANDARD"/>
    <property name="user.country" value="PH"/>
    <property name="sun.boot.library.path" value="/opt/homebrew/Cellar/openjdk/19.0.2/libexec/openjdk.jdk/Contents/Home/lib"/>
    <property name="sun.java.command" value="/Users/chrisen/Documents/Development/Repositories/asb-consumer-demo/target/surefire/surefirebooter5633231449579396083.jar /Users/chrisen/Documents/Development/Repositories/asb-consumer-demo/target/surefire 2023-03-18T18-17-52_167-jvmRun1 surefire4788207705676350363tmp surefire_011311366223490302694tmp"/>
    <property name="http.nonProxyHosts" value="local|*.local|169.254/16|*.169.254/16"/>
    <property name="jdk.debug" value="release"/>
    <property name="surefire.test.class.path" value="/Users/chrisen/Documents/Development/Repositories/asb-consumer-demo/target/test-classes:/Users/chrisen/Documents/Development/Repositories/asb-consumer-demo/target/classes:/Users/chrisen/.m2/repository/org/springframework/cloud/spring-cloud-stream/3.2.7/spring-cloud-stream-3.2.7.jar:/Users/chrisen/.m2/repository/org/springframework/boot/spring-boot-starter-validation/2.7.9/spring-boot-starter-validation-2.7.9.jar:/Users/chrisen/.m2/repository/org/apache/tomcat/embed/tomcat-embed-el/9.0.71/tomcat-embed-el-9.0.71.jar:/Users/chrisen/.m2/repository/org/hibernate/validator/hibernate-validator/6.2.5.Final/hibernate-validator-6.2.5.Final.jar:/Users/chrisen/.m2/repository/org/jboss/logging/jboss-logging/3.4.3.Final/jboss-logging-3.4.3.Final.jar:/Users/chrisen/.m2/repository/com/fasterxml/classmate/1.5.1/classmate-1.5.1.jar:/Users/chrisen/.m2/repository/org/springframework/spring-messaging/5.3.25/spring-messaging-5.3.25.jar:/Users/chrisen/.m2/repository/org/springframework/spring-beans/5.3.25/spring-beans-5.3.25.jar:/Users/chrisen/.m2/repository/org/springframework/integration/spring-integration-core/5.5.16/spring-integration-core-5.5.16.jar:/Users/chrisen/.m2/repository/org/springframework/spring-aop/5.3.25/spring-aop-5.3.25.jar:/Users/chrisen/.m2/repository/org/springframework/spring-context/5.3.25/spring-context-5.3.25.jar:/Users/chrisen/.m2/repository/org/springframework/spring-expression/5.3.25/spring-expression-5.3.25.jar:/Users/chrisen/.m2/repository/org/springframework/spring-tx/5.3.25/spring-tx-5.3.25.jar:/Users/chrisen/.m2/repository/io/projectreactor/reactor-core/3.4.27/reactor-core-3.4.27.jar:/Users/chrisen/.m2/repository/org/reactivestreams/reactive-streams/1.0.4/reactive-streams-1.0.4.jar:/Users/chrisen/.m2/repository/org/springframework/integration/spring-integration-jmx/5.5.16/spring-integration-jmx-5.5.16.jar:/Users/chrisen/.m2/repository/org/springframework/retry/spring-retry/1.3.4/spring-retry-1.3.4.jar:/Users/chrisen/.m2/repository/org/springframework/cloud/spring-cloud-function-context/3.2.9/spring-cloud-function-context-3.2.9.jar:/Users/chrisen/.m2/repository/net/jodah/typetools/0.6.2/typetools-0.6.2.jar:/Users/chrisen/.m2/repository/org/springframework/boot/spring-boot-autoconfigure/2.7.9/spring-boot-autoconfigure-2.7.9.jar:/Users/chrisen/.m2/repository/org/springframework/cloud/spring-cloud-function-core/3.2.9/spring-cloud-function-core-3.2.9.jar:/Users/chrisen/.m2/repository/com/fasterxml/jackson/core/jackson-databind/2.13.5/jackson-databind-2.13.5.jar:/Users/chrisen/.m2/repository/com/fasterxml/jackson/core/jackson-annotations/2.13.5/jackson-annotations-2.13.5.jar:/Users/chrisen/.m2/repository/com/fasterxml/jackson/core/jackson-core/2.13.5/jackson-core-2.13.5.jar:/Users/chrisen/.m2/repository/javax/annotation/javax.annotation-api/1.3.2/javax.annotation-api-1.3.2.jar:/Users/chrisen/.m2/repository/org/jetbrains/kotlin/kotlin-stdlib-jdk8/1.6.21/kotlin-stdlib-jdk8-1.6.21.jar:/Users/chrisen/.m2/repository/org/jetbrains/kotlin/kotlin-stdlib/1.6.21/kotlin-stdlib-1.6.21.jar:/Users/chrisen/.m2/repository/org/jetbrains/kotlin/kotlin-stdlib-common/1.6.21/kotlin-stdlib-common-1.6.21.jar:/Users/chrisen/.m2/repository/org/jetbrains/annotations/13.0/annotations-13.0.jar:/Users/chrisen/.m2/repository/org/jetbrains/kotlin/kotlin-stdlib-jdk7/1.6.21/kotlin-stdlib-jdk7-1.6.21.jar:/Users/chrisen/.m2/repository/com/azure/spring/spring-cloud-azure-stream-binder-servicebus/4.5.0/spring-cloud-azure-stream-binder-servicebus-4.5.0.jar:/Users/chrisen/.m2/repository/com/azure/spring/spring-cloud-azure-stream-binder-servicebus-core/4.5.0/spring-cloud-azure-stream-binder-servicebus-core-4.5.0.jar:/Users/chrisen/.m2/repository/com/azure/spring/spring-integration-azure-servicebus/4.5.0/spring-integration-azure-servicebus-4.5.0.jar:/Users/chrisen/.m2/repository/com/azure/spring/spring-integration-azure-core/4.5.0/spring-integration-azure-core-4.5.0.jar:/Users/chrisen/.m2/repository/com/azure/spring/spring-messaging-azure/4.5.0/spring-messaging-azure-4.5.0.jar:/Users/chrisen/.m2/repository/com/azure/spring/spring-messaging-azure-servicebus/4.5.0/spring-messaging-azure-servicebus-4.5.0.jar:/Users/chrisen/.m2/repository/com/azure/azure-messaging-servicebus/7.13.0/azure-messaging-servicebus-7.13.0.jar:/Users/chrisen/.m2/repository/com/azure/azure-core/1.34.0/azure-core-1.34.0.jar:/Users/chrisen/.m2/repository/com/fasterxml/jackson/datatype/jackson-datatype-jsr310/2.13.5/jackson-datatype-jsr310-2.13.5.jar:/Users/chrisen/.m2/repository/com/azure/azure-core-amqp/2.8.0/azure-core-amqp-2.8.0.jar:/Users/chrisen/.m2/repository/com/microsoft/azure/qpid-proton-j-extensions/1.2.4/qpid-proton-j-extensions-1.2.4.jar:/Users/chrisen/.m2/repository/org/apache/qpid/proton-j/0.33.8/proton-j-0.33.8.jar:/Users/chrisen/.m2/repository/com/azure/azure-core-http-netty/1.12.7/azure-core-http-netty-1.12.7.jar:/Users/chrisen/.m2/repository/io/netty/netty-handler/4.1.89.Final/netty-handler-4.1.89.Final.jar:/Users/chrisen/.m2/repository/io/netty/netty-common/4.1.89.Final/netty-common-4.1.89.Final.jar:/Users/chrisen/.m2/repository/io/netty/netty-resolver/4.1.89.Final/netty-resolver-4.1.89.Final.jar:/Users/chrisen/.m2/repository/io/netty/netty-transport/4.1.89.Final/netty-transport-4.1.89.Final.jar:/Users/chrisen/.m2/repository/io/netty/netty-codec/4.1.89.Final/netty-codec-4.1.89.Final.jar:/Users/chrisen/.m2/repository/io/netty/netty-handler-proxy/4.1.89.Final/netty-handler-proxy-4.1.89.Final.jar:/Users/chrisen/.m2/repository/io/netty/netty-codec-socks/4.1.89.Final/netty-codec-socks-4.1.89.Final.jar:/Users/chrisen/.m2/repository/io/netty/netty-buffer/4.1.89.Final/netty-buffer-4.1.89.Final.jar:/Users/chrisen/.m2/repository/io/netty/netty-codec-http/4.1.89.Final/netty-codec-http-4.1.89.Final.jar:/Users/chrisen/.m2/repository/io/netty/netty-codec-http2/4.1.89.Final/netty-codec-http2-4.1.89.Final.jar:/Users/chrisen/.m2/repository/io/netty/netty-transport-native-unix-common/4.1.89.Final/netty-transport-native-unix-common-4.1.89.Final.jar:/Users/chrisen/.m2/repository/io/netty/netty-transport-native-epoll/4.1.89.Final/netty-transport-native-epoll-4.1.89.Final-linux-x86_64.jar:/Users/chrisen/.m2/repository/io/netty/netty-transport-classes-epoll/4.1.89.Final/netty-transport-classes-epoll-4.1.89.Final.jar:/Users/chrisen/.m2/repository/io/netty/netty-transport-native-kqueue/4.1.89.Final/netty-transport-native-kqueue-4.1.89.Final-osx-x86_64.jar:/Users/chrisen/.m2/repository/io/netty/netty-transport-classes-kqueue/4.1.89.Final/netty-transport-classes-kqueue-4.1.89.Final.jar:/Users/chrisen/.m2/repository/io/netty/netty-tcnative-boringssl-static/2.0.56.Final/netty-tcnative-boringssl-static-2.0.56.Final.jar:/Users/chrisen/.m2/repository/io/netty/netty-tcnative-classes/2.0.56.Final/netty-tcnative-classes-2.0.56.Final.jar:/Users/chrisen/.m2/repository/io/netty/netty-tcnative-boringssl-static/2.0.56.Final/netty-tcnative-boringssl-static-2.0.56.Final-linux-x86_64.jar:/Users/chrisen/.m2/repository/io/netty/netty-tcnative-boringssl-static/2.0.56.Final/netty-tcnative-boringssl-static-2.0.56.Final-linux-aarch_64.jar:/Users/chrisen/.m2/repository/io/netty/netty-tcnative-boringssl-static/2.0.56.Final/netty-tcnative-boringssl-static-2.0.56.Final-osx-x86_64.jar:/Users/chrisen/.m2/repository/io/netty/netty-tcnative-boringssl-static/2.0.56.Final/netty-tcnative-boringssl-static-2.0.56.Final-osx-aarch_64.jar:/Users/chrisen/.m2/repository/io/netty/netty-tcnative-boringssl-static/2.0.56.Final/netty-tcnative-boringssl-static-2.0.56.Final-windows-x86_64.jar:/Users/chrisen/.m2/repository/io/projectreactor/netty/reactor-netty-http/1.0.28/reactor-netty-http-1.0.28.jar:/Users/chrisen/.m2/repository/io/netty/netty-resolver-dns/4.1.89.Final/netty-resolver-dns-4.1.89.Final.jar:/Users/chrisen/.m2/repository/io/netty/netty-codec-dns/4.1.89.Final/netty-codec-dns-4.1.89.Final.jar:/Users/chrisen/.m2/repository/io/netty/netty-resolver-dns-native-macos/4.1.89.Final/netty-resolver-dns-native-macos-4.1.89.Final-osx-x86_64.jar:/Users/chrisen/.m2/repository/io/netty/netty-resolver-dns-classes-macos/4.1.89.Final/netty-resolver-dns-classes-macos-4.1.89.Final.jar:/Users/chrisen/.m2/repository/io/projectreactor/netty/reactor-netty-core/1.0.28/reactor-netty-core-1.0.28.jar:/Users/chrisen/.m2/repository/com/fasterxml/jackson/dataformat/jackson-dataformat-xml/2.13.5/jackson-dataformat-xml-2.13.5.jar:/Users/chrisen/.m2/repository/org/codehaus/woodstox/stax2-api/4.2.1/stax2-api-4.2.1.jar:/Users/chrisen/.m2/repository/com/fasterxml/woodstox/woodstox-core/6.4.0/woodstox-core-6.4.0.jar:/Users/chrisen/.m2/repository/com/azure/spring/spring-cloud-azure-autoconfigure/4.5.0/spring-cloud-azure-autoconfigure-4.5.0.jar:/Users/chrisen/.m2/repository/com/azure/spring/spring-cloud-azure-service/4.5.0/spring-cloud-azure-service-4.5.0.jar:/Users/chrisen/.m2/repository/jakarta/validation/jakarta.validation-api/2.0.2/jakarta.validation-api-2.0.2.jar:/Users/chrisen/.m2/repository/com/azure/spring/spring-cloud-azure-resourcemanager/4.5.0/spring-cloud-azure-resourcemanager-4.5.0.jar:/Users/chrisen/.m2/repository/com/azure/spring/spring-cloud-azure-core/4.5.0/spring-cloud-azure-core-4.5.0.jar:/Users/chrisen/.m2/repository/com/azure/azure-identity/1.7.1/azure-identity-1.7.1.jar:/Users/chrisen/.m2/repository/com/microsoft/azure/msal4j/1.13.3/msal4j-1.13.3.jar:/Users/chrisen/.m2/repository/com/nimbusds/oauth2-oidc-sdk/9.35/oauth2-oidc-sdk-9.35.jar:/Users/chrisen/.m2/repository/com/github/stephenc/jcip/jcip-annotations/1.0-1/jcip-annotations-1.0-1.jar:/Users/chrisen/.m2/repository/com/nimbusds/content-type/2.2/content-type-2.2.jar:/Users/chrisen/.m2/repository/com/nimbusds/lang-tag/1.6/lang-tag-1.6.jar:/Users/chrisen/.m2/repository/com/nimbusds/nimbus-jose-jwt/9.22/nimbus-jose-jwt-9.22.jar:/Users/chrisen/.m2/repository/com/microsoft/azure/msal4j-persistence-extension/1.1.0/msal4j-persistence-extension-1.1.0.jar:/Users/chrisen/.m2/repository/net/java/dev/jna/jna/5.5.0/jna-5.5.0.jar:/Users/chrisen/.m2/repository/net/java/dev/jna/jna-platform/5.6.0/jna-platform-5.6.0.jar:/Users/chrisen/.m2/repository/com/azure/azure-core-management/1.9.0/azure-core-management-1.9.0.jar:/Users/chrisen/.m2/repository/com/azure/resourcemanager/azure-resourcemanager/2.21.0/azure-resourcemanager-2.21.0.jar:/Users/chrisen/.m2/repository/com/azure/resourcemanager/azure-resourcemanager-resources/2.21.0/azure-resourcemanager-resources-2.21.0.jar:/Users/chrisen/.m2/repository/com/azure/resourcemanager/azure-resourcemanager-storage/2.21.0/azure-resourcemanager-storage-2.21.0.jar:/Users/chrisen/.m2/repository/com/azure/resourcemanager/azure-resourcemanager-compute/2.21.0/azure-resourcemanager-compute-2.21.0.jar:/Users/chrisen/.m2/repository/com/azure/resourcemanager/azure-resourcemanager-network/2.21.0/azure-resourcemanager-network-2.21.0.jar:/Users/chrisen/.m2/repository/com/azure/resourcemanager/azure-resourcemanager-keyvault/2.21.0/azure-resourcemanager-keyvault-2.21.0.jar:/Users/chrisen/.m2/repository/com/azure/azure-security-keyvault-keys/4.5.2/azure-security-keyvault-keys-4.5.2.jar:/Users/chrisen/.m2/repository/com/azure/azure-security-keyvault-secrets/4.5.2/azure-security-keyvault-secrets-4.5.2.jar:/Users/chrisen/.m2/repository/com/azure/resourcemanager/azure-resourcemanager-msi/2.21.0/azure-resourcemanager-msi-2.21.0.jar:/Users/chrisen/.m2/repository/com/azure/resourcemanager/azure-resourcemanager-sql/2.21.0/azure-resourcemanager-sql-2.21.0.jar:/Users/chrisen/.m2/repository/com/azure/resourcemanager/azure-resourcemanager-authorization/2.21.0/azure-resourcemanager-authorization-2.21.0.jar:/Users/chrisen/.m2/repository/com/azure/resourcemanager/azure-resourcemanager-appservice/2.21.0/azure-resourcemanager-appservice-2.21.0.jar:/Users/chrisen/.m2/repository/com/azure/resourcemanager/azure-resourcemanager-cosmos/2.21.0/azure-resourcemanager-cosmos-2.21.0.jar:/Users/chrisen/.m2/repository/com/azure/resourcemanager/azure-resourcemanager-containerservice/2.21.0/azure-resourcemanager-containerservice-2.21.0.jar:/Users/chrisen/.m2/repository/com/azure/resourcemanager/azure-resourcemanager-monitor/2.21.0/azure-resourcemanager-monitor-2.21.0.jar:/Users/chrisen/.m2/repository/com/azure/resourcemanager/azure-resourcemanager-containerregistry/2.21.0/azure-resourcemanager-containerregistry-2.21.0.jar:/Users/chrisen/.m2/repository/com/azure/resourcemanager/azure-resourcemanager-dns/2.21.0/azure-resourcemanager-dns-2.21.0.jar:/Users/chrisen/.m2/repository/com/azure/resourcemanager/azure-resourcemanager-appplatform/2.21.0/azure-resourcemanager-appplatform-2.21.0.jar:/Users/chrisen/.m2/repository/com/azure/azure-storage-file-share/12.16.1/azure-storage-file-share-12.16.1.jar:/Users/chrisen/.m2/repository/com/azure/azure-storage-common/12.19.1/azure-storage-common-12.19.1.jar:/Users/chrisen/.m2/repository/com/azure/resourcemanager/azure-resourcemanager-containerinstance/2.21.0/azure-resourcemanager-containerinstance-2.21.0.jar:/Users/chrisen/.m2/repository/com/azure/resourcemanager/azure-resourcemanager-privatedns/2.21.0/azure-resourcemanager-privatedns-2.21.0.jar:/Users/chrisen/.m2/repository/com/azure/resourcemanager/azure-resourcemanager-redis/2.21.0/azure-resourcemanager-redis-2.21.0.jar:/Users/chrisen/.m2/repository/com/azure/resourcemanager/azure-resourcemanager-eventhubs/2.21.0/azure-resourcemanager-eventhubs-2.21.0.jar:/Users/chrisen/.m2/repository/com/azure/resourcemanager/azure-resourcemanager-trafficmanager/2.21.0/azure-resourcemanager-trafficmanager-2.21.0.jar:/Users/chrisen/.m2/repository/com/azure/resourcemanager/azure-resourcemanager-servicebus/2.21.0/azure-resourcemanager-servicebus-2.21.0.jar:/Users/chrisen/.m2/repository/com/azure/resourcemanager/azure-resourcemanager-cdn/2.21.0/azure-resourcemanager-cdn-2.21.0.jar:/Users/chrisen/.m2/repository/com/azure/resourcemanager/azure-resourcemanager-search/2.21.0/azure-resourcemanager-search-2.21.0.jar:/Users/chrisen/.m2/repository/org/projectlombok/lombok/1.18.26/lombok-1.18.26.jar:/Users/chrisen/.m2/repository/org/springframework/boot/spring-boot-starter-test/2.7.9/spring-boot-starter-test-2.7.9.jar:/Users/chrisen/.m2/repository/org/springframework/boot/spring-boot-starter/2.7.9/spring-boot-starter-2.7.9.jar:/Users/chrisen/.m2/repository/org/springframework/boot/spring-boot/2.7.9/spring-boot-2.7.9.jar:/Users/chrisen/.m2/repository/org/springframework/boot/spring-boot-starter-logging/2.7.9/spring-boot-starter-logging-2.7.9.jar:/Users/chrisen/.m2/repository/ch/qos/logback/logback-classic/1.2.11/logback-classic-1.2.11.jar:/Users/chrisen/.m2/repository/ch/qos/logback/logback-core/1.2.11/logback-core-1.2.11.jar:/Users/chrisen/.m2/repository/org/apache/logging/log4j/log4j-to-slf4j/2.17.2/log4j-to-slf4j-2.17.2.jar:/Users/chrisen/.m2/repository/org/apache/logging/log4j/log4j-api/2.17.2/log4j-api-2.17.2.jar:/Users/chrisen/.m2/repository/org/slf4j/jul-to-slf4j/1.7.36/jul-to-slf4j-1.7.36.jar:/Users/chrisen/.m2/repository/jakarta/annotation/jakarta.annotation-api/1.3.5/jakarta.annotation-api-1.3.5.jar:/Users/chrisen/.m2/repository/org/yaml/snakeyaml/1.30/snakeyaml-1.30.jar:/Users/chrisen/.m2/repository/org/springframework/boot/spring-boot-test/2.7.9/spring-boot-test-2.7.9.jar:/Users/chrisen/.m2/repository/org/springframework/boot/spring-boot-test-autoconfigure/2.7.9/spring-boot-test-autoconfigure-2.7.9.jar:/Users/chrisen/.m2/repository/com/jayway/jsonpath/json-path/2.7.0/json-path-2.7.0.jar:/Users/chrisen/.m2/repository/net/minidev/json-smart/2.4.8/json-smart-2.4.8.jar:/Users/chrisen/.m2/repository/net/minidev/accessors-smart/2.4.8/accessors-smart-2.4.8.jar:/Users/chrisen/.m2/repository/org/ow2/asm/asm/9.1/asm-9.1.jar:/Users/chrisen/.m2/repository/org/slf4j/slf4j-api/1.7.36/slf4j-api-1.7.36.jar:/Users/chrisen/.m2/repository/jakarta/xml/bind/jakarta.xml.bind-api/2.3.3/jakarta.xml.bind-api-2.3.3.jar:/Users/chrisen/.m2/repository/jakarta/activation/jakarta.activation-api/1.2.2/jakarta.activation-api-1.2.2.jar:/Users/chrisen/.m2/repository/org/assertj/assertj-core/3.22.0/assertj-core-3.22.0.jar:/Users/chrisen/.m2/repository/org/hamcrest/hamcrest/2.2/hamcrest-2.2.jar:/Users/chrisen/.m2/repository/org/junit/jupiter/junit-jupiter/5.8.2/junit-jupiter-5.8.2.jar:/Users/chrisen/.m2/repository/org/junit/jupiter/junit-jupiter-api/5.8.2/junit-jupiter-api-5.8.2.jar:/Users/chrisen/.m2/repository/org/opentest4j/opentest4j/1.2.0/opentest4j-1.2.0.jar:/Users/chrisen/.m2/repository/org/junit/platform/junit-platform-commons/1.8.2/junit-platform-commons-1.8.2.jar:/Users/chrisen/.m2/repository/org/apiguardian/apiguardian-api/1.1.2/apiguardian-api-1.1.2.jar:/Users/chrisen/.m2/repository/org/junit/jupiter/junit-jupiter-params/5.8.2/junit-jupiter-params-5.8.2.jar:/Users/chrisen/.m2/repository/org/junit/jupiter/junit-jupiter-engine/5.8.2/junit-jupiter-engine-5.8.2.jar:/Users/chrisen/.m2/repository/org/junit/platform/junit-platform-engine/1.8.2/junit-platform-engine-1.8.2.jar:/Users/chrisen/.m2/repository/org/mockito/mockito-core/4.5.1/mockito-core-4.5.1.jar:/Users/chrisen/.m2/repository/net/bytebuddy/byte-buddy/1.12.23/byte-buddy-1.12.23.jar:/Users/chrisen/.m2/repository/net/bytebuddy/byte-buddy-agent/1.12.23/byte-buddy-agent-1.12.23.jar:/Users/chrisen/.m2/repository/org/objenesis/objenesis/3.2/objenesis-3.2.jar:/Users/chrisen/.m2/repository/org/mockito/mockito-junit-jupiter/4.5.1/mockito-junit-jupiter-4.5.1.jar:/Users/chrisen/.m2/repository/org/skyscreamer/jsonassert/1.5.1/jsonassert-1.5.1.jar:/Users/chrisen/.m2/repository/com/vaadin/external/google/android-json/0.0.20131108.vaadin1/android-json-0.0.20131108.vaadin1.jar:/Users/chrisen/.m2/repository/org/springframework/spring-core/5.3.25/spring-core-5.3.25.jar:/Users/chrisen/.m2/repository/org/springframework/spring-jcl/5.3.25/spring-jcl-5.3.25.jar:/Users/chrisen/.m2/repository/org/springframework/spring-test/5.3.25/spring-test-5.3.25.jar:/Users/chrisen/.m2/repository/org/xmlunit/xmlunit-core/2.9.1/xmlunit-core-2.9.1.jar:/Users/chrisen/.m2/repository/org/springframework/cloud/spring-cloud-stream/3.2.7/spring-cloud-stream-3.2.7-test-binder.jar:"/>
    <property name="sun.cpu.endian" value="little"/>
    <property name="user.home" value="/Users/chrisen"/>
    <property name="user.language" value="en"/>
    <property name="java.specification.vendor" value="Oracle Corporation"/>
    <property name="java.version.date" value="2023-01-17"/>
    <property name="java.home" value="/opt/homebrew/Cellar/openjdk/19.0.2/libexec/openjdk.jdk/Contents/Home"/>
    <property name="file.separator" value="/"/>
    <property name="basedir" value="/Users/chrisen/Documents/Development/Repositories/asb-consumer-demo"/>
    <property name="java.vm.compressedOopsMode" value="Zero based"/>
    <property name="line.separator" value="&#10;"/>
    <property name="java.vm.specification.vendor" value="Oracle Corporation"/>
    <property name="java.specification.name" value="Java Platform API Specification"/>
    <property name="apple.awt.application.name" value="ForkedBooter"/>
    <property name="surefire.real.class.path" value="/Users/chrisen/Documents/Development/Repositories/asb-consumer-demo/target/surefire/surefirebooter5633231449579396083.jar"/>
    <property name="sun.management.compiler" value="HotSpot 64-Bit Tiered Compilers"/>
    <property name="ftp.nonProxyHosts" value="local|*.local|169.254/16|*.169.254/16"/>
    <property name="java.runtime.version" value="19.0.2"/>
    <property name="user.name" value="chrisen"/>
    <property name="stdout.encoding" value="US-ASCII"/>
    <property name="path.separator" value=":"/>
    <property name="os.version" value="13.2.1"/>
    <property name="java.runtime.name" value="OpenJDK Runtime Environment"/>
    <property name="file.encoding" value="UTF-8"/>
    <property name="java.vm.name" value="OpenJDK 64-Bit Server VM"/>
    <property name="java.vendor.version" value="Homebrew"/>
    <property name="localRepository" value="/Users/chrisen/.m2/repository"/>
    <property name="java.vendor.url.bug" value="https://github.com/Homebrew/homebrew-core/issues"/>
    <property name="java.io.tmpdir" value="/var/folders/z2/87xjx8vj6zsg62f8yb1kvr6m0000gn/T/"/>
    <property name="java.version" value="19.0.2"/>
    <property name="user.dir" value="/Users/chrisen/Documents/Development/Repositories/asb-consumer-demo"/>
    <property name="os.arch" value="aarch64"/>
    <property name="java.vm.specification.name" value="Java Virtual Machine Specification"/>
    <property name="native.encoding" value="US-ASCII"/>
    <property name="java.library.path" value="/Users/chrisen/Library/Java/Extensions:/Library/Java/Extensions:/Network/Library/Java/Extensions:/System/Library/Java/Extensions:/usr/lib/java:."/>
    <property name="java.vm.info" value="mixed mode, sharing"/>
    <property name="stderr.encoding" value="US-ASCII"/>
    <property name="java.vendor" value="Homebrew"/>
    <property name="java.vm.version" value="19.0.2"/>
    <property name="sun.io.unicode.encoding" value="UnicodeBig"/>
    <property name="socksNonProxyHosts" value="local|*.local|169.254/16|*.169.254/16"/>
    <property name="java.class.version" value="63.0"/>
  </properties>
  <testcase name="contextLoads" classname="com.chrisen.consumer.ApplicationTests" time="0.191"/>
</testsuite>